        -:    0:Source:cardtest4.c
        -:    0:Graph:cardtest4.gcno
        -:    0:Data:cardtest4.gcda
        -:    0:Runs:3
        -:    0:Programs:1
        -:    1:/*********************************************************************
        -:    2: ** Author: Casey Bennink ONID: benninkc
        -:    3: ** Date: 2/4/18
        -:    4: ** Description: Assignment 3 cardtest4.c
        -:    5: ** test for Salvager
        -:    6:*********************************************************************/
        -:    7:#include "dominion.h"
        -:    8:#include "dominion_helpers.h"
        -:    9:#include <string.h>
        -:   10:#include <stdio.h>
        -:   11:#include <assert.h>
        -:   12:#include "rngs.h"
        -:   13:
function main called 3 returned 100% blocks executed 92%
        3:   14:int main(int argc, char const *argv[]) {
        -:   15:    int i;
        3:   16:    int seed = 1024;
        3:   17:    int numPlayer = 3;
        -:   18:    int p, r, handCount, correctBuys, correctCoins, toTrash;
        3:   19:    int k[10] = {adventurer, council_room, feast, gardens, mine
        -:   20:               , remodel, smithy, village, baron, great_hall};
        -:   21:    struct gameState G;
        -:   22:
        -:   23:    int salv[11];
        3:   24:    salv[0] = salvager;
       33:   25:    for (i = 1; i < 11; i++)
branch  0 taken 91%
branch  1 taken 9% (fallthrough)
        -:   26:    {
       30:   27:        salv[i] = k[i - 1];
        -:   28:    }
        -:   29:
        3:   30:    printf ("TESTING Salvager card:\n");
call    0 returned 100%
       12:   31:    for (p = 0; p < numPlayer; p++) {
branch  0 taken 75%
branch  1 taken 25% (fallthrough)
       99:   32:    	for (handCount = 2; handCount <= 11; handCount++) {
branch  0 taken 91%
branch  1 taken 9% (fallthrough)
      585:   33:    		for(toTrash = 1; toTrash < handCount; toTrash++){
branch  0 taken 85%
branch  1 taken 15% (fallthrough)
      495:   34:    			printf("Test player %d playing Salvager card, hand size: %d, hand to trash: %d\n", p, handCount, toTrash);
call    0 returned 100%
        -:   35:    		
      495:   36:    			memset(&G, 23, sizeof(struct gameState));
      495:   37:        	    r = initializeGame(numPlayer, k, seed, &G);
call    0 returned 100%
      495:   38:        	    G.whoseTurn = p;
      495:   39:        	    G.handCount[p] = handCount;
      495:   40:        	    correctBuys = G.numBuys + 1;
      495:   41:        	    correctCoins = G.coins + getCost(salv[toTrash]);
call    0 returned 100%
        -:   42:
      495:   43:        	    memcpy(G.hand[p], salv, sizeof(int) * handCount);
        -:   44:
      495:   45:        	    r = playCard(0, toTrash, 0, 0, &G);
call    0 returned 100%
        -:   46:
      495:   47:        	    printf("numBuys = %d, expected = %d\n", G.numBuys, correctBuys);
call    0 returned 100%
      495:   48:        	    printf("coins = %d, expected = %d\n", G.coins, correctCoins);
call    0 returned 100%
        -:   49:
      495:   50:        	    if (G.numBuys == correctBuys + 2 && G.coins == correctCoins) {
branch  0 taken 0% (fallthrough)
branch  1 taken 100%
branch  2 never executed
branch  3 never executed
    #####:   51:        	    	printf("The Salvager TEST PASSED\n");
call    0 never executed
        -:   52:        	    }
        -:   53:        	    else {
      495:   54:        	    	printf("Salvager TEST FAILED\n");
call    0 returned 100%
        -:   55:        	    }
        -:   56:        	}
        -:   57:    	}
        -:   58:    }
        -:   59:	
        -:   60:
        3:   61:	return 0;
        -:   62:}
