        -:    0:Source:cardtest3.c
        -:    0:Graph:cardtest3.gcno
        -:    0:Data:cardtest3.gcda
        -:    0:Runs:1
        -:    0:Programs:1
        -:    1:/*********************************************************************
        -:    2: ** Author: Casey Bennink ONID: benninkc
        -:    3: ** Date: 2/4/18
        -:    4: ** Description: Assignment 3 cardtest3.c
        -:    5: ** test for Village
        -:    6:*********************************************************************/
        -:    7:#include "dominion.h"
        -:    8:#include "dominion_helpers.h"
        -:    9:#include <string.h>
        -:   10:#include <stdio.h>
        -:   11:#include <assert.h>
        -:   12:#include "rngs.h"
        -:   13:
        1:   14:int main(int argc, char const *argv[]) {
        -:   15:    int i;
        1:   16:    int seed = 1024;
        1:   17:    int numPlayer = 3;
        -:   18:    int p, r, handCount, correctActions;
        1:   19:    int k[10] = {adventurer, council_room, feast, gardens, mine
        -:   20:               , remodel, smithy, village, baron, great_hall};
        -:   21:    struct gameState G;
        1:   22:    int maxHandCount = 5;
        -:   23:    int vil[MAX_HAND];
      501:   24:    for (i = 0; i < MAX_HAND; i++)
        -:   25:    {
      500:   26:        vil[i] = village;
        -:   27:    }
        -:   28:
        1:   29:    printf ("TESTING village card:\n");
        4:   30:    for (p = 0; p < numPlayer; p++) {
        -:   31:
       21:   32:    	for (handCount = 0; handCount <= maxHandCount; handCount++) {
       18:   33:    		printf("Test player %d playing Village card, hand size: %d\n", p, handCount);
        -:   34:    		
       18:   35:    		memset(&G, 23, sizeof(struct gameState));
       18:   36:            r = initializeGame(numPlayer, k, seed, &G);
       18:   37:            G.whoseTurn = p;
       18:   38:            G.handCount[p] = handCount;
       18:   39:            correctActions = G.numActions + 1;
        -:   40:
       18:   41:            memcpy(G.hand[p], vil, sizeof(int) * handCount);
        -:   42:
       18:   43:            r = playCard(0, 0, 0, 0, &G);
        -:   44:
       18:   45:            printf("G.handCount = %d, expected = %d\n", G.handCount[p], handCount);
       18:   46:            printf("G.numActions = %d, expected = %d\n", G.numActions, correctActions);
        -:   47:
       18:   48:            if (G.handCount[p] == handCount && G.numActions == correctActions) {
    #####:   49:            	printf("Village TEST PASSED\n");
        -:   50:            }
        -:   51:            else {
       18:   52:            	printf("Village TEST FAILED\n");
        -:   53:            }
        -:   54:    	}
        -:   55:    }
        -:   56:
        1:   57:	return 0;
        -:   58:}
