        -:    0:Source:unittest1.c
        -:    0:Graph:unittest1.gcno
        -:    0:Data:unittest1.gcda
        -:    0:Runs:3
        -:    0:Programs:1
        -:    1:/*********************************************************************
        -:    2: ** Author: Casey Bennink ONID: benninkc
        -:    3: ** Date: 2/4/18
        -:    4: ** Description: Assignment 3 unittest1.c
        -:    5: ** unit test for discardCard function
        -:    6:*********************************************************************/
        -:    7:#include <stdlib.h>
        -:    8:#include <stdio.h>
        -:    9:#include <time.h>
        -:   10:#include "assert.h"
        -:   11:#include "dominion.h"
        -:   12:#include "rngs.h"
        -:   13:
function main called 3 returned 100% blocks executed 97%
        3:   14:int main(int argc, char const *argv[]) {
        3:   15:    int seed = 1024;
        3:   16:    int numPlayer = 3;
        -:   17:    int p, r, d, handCount, playedCount, playedResult, curFlag;
        3:   18:    int k[10] = {adventurer, council_room, feast, gardens, mine
        -:   19:               , remodel, smithy, village, baron, great_hall};
        -:   20:    struct gameState G;
        3:   21:    int maxHandCount = 5;
        -:   22:
        -:   23:    int cards[MAX_HAND];
        -:   24:    int i;
     1503:   25:    for (i = 0; i < MAX_HAND; i++)
branch  0 taken 99%
branch  1 taken 1% (fallthrough)
        -:   26:    {
     1500:   27:        cards[i] = adventurer;
        -:   28:    }
        -:   29:
        3:   30:    printf ("TESTING discardCard():\n");
call    0 returned 100%
       12:   31:    for (p = 0; p < numPlayer; p++) {
branch  0 taken 75%
branch  1 taken 25% (fallthrough)
       54:   32:    	for(handCount=1; handCount <= maxHandCount; handCount++) {
branch  0 taken 83%
branch  1 taken 17% (fallthrough)
      360:   33:    		for(playedCount=0; playedCount <= 6; playedCount++) {
branch  0 taken 88%
branch  1 taken 13% (fallthrough)
     1575:   34:    			for(curFlag=0; curFlag < 4; curFlag++) {
branch  0 taken 80%
branch  1 taken 20% (fallthrough)
     1260:   35:    				printf("Test player %d with %d in hand, %d in played, and %d flag\n",p, handCount, playedCount, curFlag);
call    0 returned 100%
     1260:   36:    				memset(&G, 23, sizeof(struct gameState));
     1260:   37:    				r = initializeGame(numPlayer, k, seed, &G);
call    0 returned 100%
        -:   38:
     1260:   39:    				G.handCount[p] = handCount;
        -:   40:
     1260:   41:    				G.playedCardCount = playedCount;
        -:   42:
        -:   43:    				int x;
     5040:   44:    				for (x = 0; x < handCount; x++) {
branch  0 taken 75%
branch  1 taken 25% (fallthrough)
     3780:   45:    					G.hand[p][x] = k[x];
        -:   46:    				}
     5040:   47:    				for (x = 0; x < playedCount; x++) {
branch  0 taken 75%
branch  1 taken 25% (fallthrough)
     3780:   48:    					G.playedCards[x] = k[x];
        -:   49:    				}
        -:   50:
     1260:   51:    				d = discardCard(handCount/2, p, &G, curFlag);
call    0 returned 100%
        -:   52:
     1260:   53:    				if (curFlag < 1) {
branch  0 taken 25% (fallthrough)
branch  1 taken 75%
      315:   54:    					playedResult = playedCount + 1;
        -:   55:    				}
        -:   56:    				else {
      945:   57:    					playedResult = playedCount;
        -:   58:    				}
        -:   59:
     1260:   60:    				printf("G.handCount = %d, expected = %d\n", G.handCount[p], handCount - 1);
call    0 returned 100%
     1260:   61:    				printf("G.playedCardCount = %d, expected = %d\n", G.playedCardCount, playedResult);
call    0 returned 100%
        -:   62:
     1260:   63:    				if (G.handCount[p] == handCount - 1 && G.playedCardCount == playedResult) {
branch  0 taken 100% (fallthrough)
branch  1 taken 0%
branch  2 taken 100% (fallthrough)
branch  3 taken 0%
     1260:   64:    					printf("discard TEST PASSED\n");
call    0 returned 100%
        -:   65:    				}
        -:   66:    				else {
    #####:   67:    					printf("discard TEST FAILED\n");
call    0 never executed
        -:   68:    				}
        -:   69:
        -:   70:    			}
        -:   71:    		}
        -:   72:    	}
        -:   73:    
        -:   74:    }
        -:   75:
        3:   76:	return 0;
        -:   77:}
